<?xml version="1.0" encoding="UTF-8"?>
<testsuites name="Mocha Tests" time="0.0100" tests="1" failures="0">
  <testsuite name="Root Suite" timestamp="2022-02-03T08:22:42" tests="0" file="cypress/integration/1-getting-started/todo.spec.js" time="0.0000" failures="0">
  </testsuite>
  <testsuite name="example to-do app" timestamp="2022-02-03T08:22:42" tests="1" time="0.0100" failures="0">
    <testcase name="example to-do app can delete all completed tasks" time="0.0100" classname="can delete all completed tasks">
    </testcase>
  </testsuite>
</testsuites>